2024-06-27T20:56:45.606+08:00  INFO 11125 --- [Employee-Seating-System] [main] c.e.d.EmployeeSeatingSystemApplication   : Starting EmployeeSeatingSystemApplication using Java 17.0.10 with PID 11125 (/Users/liutingli/Desktop/esun/Employee-Seating-System/target/classes started by liutingli in /Users/liutingli/Desktop/esun/Employee-Seating-System)
2024-06-27T20:56:45.607+08:00  INFO 11125 --- [Employee-Seating-System] [main] c.e.d.EmployeeSeatingSystemApplication   : No active profile set, falling back to 1 default profile: "default"
2024-06-27T20:56:46.462+08:00  INFO 11125 --- [Employee-Seating-System] [main] c.e.d.EmployeeSeatingSystemApplication   : Started EmployeeSeatingSystemApplication in 0.994 seconds (process running for 1.34)
2024-06-27T20:57:59.288+08:00 ERROR 11125 --- [Employee-Seating-System] [http-nio-8081-exec-3] c.e.demo.controller.EmployeeController   : StatementCallback; bad SQL grammar [SELECT emp_id, name, email, floor_seat_seq FROM employees]
2024-06-27T21:00:55.824+08:00 ERROR 11125 --- [Employee-Seating-System] [http-nio-8081-exec-4] c.e.demo.controller.EmployeeController   : StatementCallback; bad SQL grammar [SELECT emp_id, name, email, floor_seat_seq FROM employees]
2024-06-27T21:01:01.283+08:00 ERROR 11125 --- [Employee-Seating-System] [http-nio-8081-exec-7] c.e.demo.controller.SeatController       : StatementCallback; bad SQL grammar [SELECT floor_seat_seq, floor_no, seat_no FROM seating_chart ORDER BY floor_no]
2024-06-27T21:01:41.277+08:00  INFO 11223 --- [Employee-Seating-System] [main] c.e.d.EmployeeSeatingSystemApplication   : Starting EmployeeSeatingSystemApplication using Java 17.0.10 with PID 11223 (/Users/liutingli/Desktop/esun/Employee-Seating-System/target/classes started by liutingli in /Users/liutingli/Desktop/esun/Employee-Seating-System)
2024-06-27T21:01:41.278+08:00  INFO 11223 --- [Employee-Seating-System] [main] c.e.d.EmployeeSeatingSystemApplication   : No active profile set, falling back to 1 default profile: "default"
2024-06-27T21:01:42.081+08:00  INFO 11223 --- [Employee-Seating-System] [main] c.e.d.EmployeeSeatingSystemApplication   : Started EmployeeSeatingSystemApplication in 0.948 seconds (process running for 1.227)
2024-06-27T21:01:46.117+08:00 ERROR 11223 --- [Employee-Seating-System] [http-nio-8081-exec-1] c.e.demo.controller.SeatController       : StatementCallback; bad SQL grammar [SELECT floor_seat_seq, floor_no, seat_no FROM seating_chart ORDER BY floor_no]
2024-06-27T21:01:52.631+08:00 ERROR 11223 --- [Employee-Seating-System] [http-nio-8081-exec-8] c.e.demo.controller.EmployeeController   : StatementCallback; bad SQL grammar [SELECT emp_id, name, email, floor_seat_seq FROM employees]
2024-06-27T21:02:18.900+08:00 ERROR 11223 --- [Employee-Seating-System] [http-nio-8081-exec-10] c.e.demo.controller.EmployeeController   : StatementCallback; bad SQL grammar [SELECT emp_id, name, email, floor_seat_seq FROM employees]
2024-06-27T21:02:33.577+08:00  INFO 11256 --- [Employee-Seating-System] [main] c.e.d.EmployeeSeatingSystemApplication   : Starting EmployeeSeatingSystemApplication using Java 17.0.10 with PID 11256 (/Users/liutingli/Desktop/esun/Employee-Seating-System/target/classes started by liutingli in /Users/liutingli/Desktop/esun/Employee-Seating-System)
2024-06-27T21:02:33.579+08:00  INFO 11256 --- [Employee-Seating-System] [main] c.e.d.EmployeeSeatingSystemApplication   : No active profile set, falling back to 1 default profile: "default"
2024-06-27T21:02:34.312+08:00  INFO 11256 --- [Employee-Seating-System] [main] c.e.d.EmployeeSeatingSystemApplication   : Started EmployeeSeatingSystemApplication in 0.857 seconds (process running for 1.036)
2024-06-27T21:02:43.605+08:00 ERROR 11256 --- [Employee-Seating-System] [http-nio-8081-exec-5] c.e.demo.controller.EmployeeController   : StatementCallback; bad SQL grammar [SELECT emp_id, name, email, floor_seat_seq FROM employees]
2024-06-27T21:05:46.766+08:00  INFO 11359 --- [Employee-Seating-System] [main] c.e.d.EmployeeSeatingSystemApplication   : Starting EmployeeSeatingSystemApplication using Java 17.0.10 with PID 11359 (/Users/liutingli/Desktop/esun/Employee-Seating-System/target/classes started by liutingli in /Users/liutingli/Desktop/esun/Employee-Seating-System)
2024-06-27T21:05:46.767+08:00  INFO 11359 --- [Employee-Seating-System] [main] c.e.d.EmployeeSeatingSystemApplication   : No active profile set, falling back to 1 default profile: "default"
2024-06-27T21:05:47.607+08:00  INFO 11359 --- [Employee-Seating-System] [main] c.e.d.EmployeeSeatingSystemApplication   : Started EmployeeSeatingSystemApplication in 0.98 seconds (process running for 1.225)
2024-06-27T21:06:01.255+08:00 ERROR 11359 --- [Employee-Seating-System] [http-nio-8081-exec-5] c.e.demo.controller.EmployeeController   : StatementCallback; bad SQL grammar [SELECT emp_id, name, email, floor_seat_seq FROM employees]
2024-06-27T21:06:21.444+08:00 ERROR 11359 --- [Employee-Seating-System] [http-nio-8081-exec-7] c.e.demo.controller.EmployeeController   : StatementCallback; bad SQL grammar [SELECT emp_id, name, email, floor_seat_seq FROM employees]
2024-06-27T21:11:08.705+08:00  INFO 11464 --- [Employee-Seating-System] [main] c.e.d.EmployeeSeatingSystemApplication   : Starting EmployeeSeatingSystemApplication using Java 17.0.10 with PID 11464 (/Users/liutingli/Desktop/esun/Employee-Seating-System/target/classes started by liutingli in /Users/liutingli/Desktop/esun/Employee-Seating-System)
2024-06-27T21:11:08.707+08:00  INFO 11464 --- [Employee-Seating-System] [main] c.e.d.EmployeeSeatingSystemApplication   : No active profile set, falling back to 1 default profile: "default"
2024-06-27T21:11:09.499+08:00  INFO 11464 --- [Employee-Seating-System] [main] c.e.d.EmployeeSeatingSystemApplication   : Started EmployeeSeatingSystemApplication in 0.935 seconds (process running for 1.195)
2024-06-27T21:11:11.461+08:00 ERROR 11464 --- [Employee-Seating-System] [http-nio-8081-exec-1] c.e.demo.controller.EmployeeController   : StatementCallback; bad SQL grammar [SELECT emp_id, name, email, floor_seat_seq FROM employees]
2024-06-27T21:11:22.185+08:00 ERROR 11464 --- [Employee-Seating-System] [http-nio-8081-exec-10] c.e.demo.controller.SeatController       : StatementCallback; bad SQL grammar [SELECT floor_seat_seq, floor_no, seat_no FROM seating_chart ORDER BY floor_no]
2024-06-27T21:13:01.581+08:00  INFO 11484 --- [Employee-Seating-System] [main] c.e.d.EmployeeSeatingSystemApplication   : Starting EmployeeSeatingSystemApplication using Java 17.0.10 with PID 11484 (/Users/liutingli/Desktop/esun/Employee-Seating-System/target/classes started by liutingli in /Users/liutingli/Desktop/esun/Employee-Seating-System)
2024-06-27T21:13:01.583+08:00  INFO 11484 --- [Employee-Seating-System] [main] c.e.d.EmployeeSeatingSystemApplication   : No active profile set, falling back to 1 default profile: "default"
2024-06-27T21:13:02.369+08:00  INFO 11484 --- [Employee-Seating-System] [main] c.e.d.EmployeeSeatingSystemApplication   : Started EmployeeSeatingSystemApplication in 0.923 seconds (process running for 1.103)
2024-06-27T21:14:28.374+08:00  INFO 11511 --- [Employee-Seating-System] [main] c.e.d.EmployeeSeatingSystemApplication   : Starting EmployeeSeatingSystemApplication using Java 17.0.10 with PID 11511 (/Users/liutingli/Desktop/esun/Employee-Seating-System/target/classes started by liutingli in /Users/liutingli/Desktop/esun/Employee-Seating-System)
2024-06-27T21:14:28.376+08:00  INFO 11511 --- [Employee-Seating-System] [main] c.e.d.EmployeeSeatingSystemApplication   : No active profile set, falling back to 1 default profile: "default"
2024-06-27T21:14:29.124+08:00  INFO 11511 --- [Employee-Seating-System] [main] c.e.d.EmployeeSeatingSystemApplication   : Started EmployeeSeatingSystemApplication in 0.875 seconds (process running for 1.06)
2024-06-27T22:32:19.919+08:00  WARN 11511 --- [Employee-Seating-System] [HikariPool-1 housekeeper] com.zaxxer.hikari.pool.HikariPool        : HikariPool-1 - Thread starvation or clock leap detected (housekeeper delta=27m50s309ms).
2024-06-27T22:43:46.911+08:00  WARN 11511 --- [Employee-Seating-System] [HikariPool-1 housekeeper] com.zaxxer.hikari.pool.HikariPool        : HikariPool-1 - Thread starvation or clock leap detected (housekeeper delta=8m42s560ms).
